=====================================================================================


Generated Quads for the program

  0 :	t000	=	1
  1 :	ans	=	t000
  2 :	t001	=	t000
  3 :	t002	=	1
  4 :	t003	=	r + t002
  5 :	i	=	t003
  6 :	t004	=	t003
  7 :	t005	=	1
  8 :	t006	=	n + t005
  9 :	if  i <t006	goto 17
 10 :	goto 21
 11 :	goto 21
 12 :	t007	=	1
 13 :	t008	=	i + t007
 14 :	i	=	t008
 15 :	t009	=	t008
 16 :	goto 7
 17 :	t010	=	ans * i
 18 :	ans	=	t010
 19 :	t011	=	t010
 20 :	goto 12
 21 :	t012	=	n - r
 22 :	j	=	t012
 23 :	t013	=	t012
 24 :	t014	=	1
 25 :	if  j >t014	goto 33
 26 :	goto 37
 27 :	goto 37
 28 :	t015	=	1
 29 :	t016	=	j - t015
 30 :	j	=	t016
 31 :	t017	=	t016
 32 :	goto 24
 33 :	t018	=	ans / j
 34 :	ans	=	t018
 35 :	t019	=	t018
 36 :	goto 28
 37 :	return	ans
 38 :	t020	=	0
 39 :	err	=	t020
 40 :	param	_0
 41 :	t021	=	call printStr, 1
 42 :	param	_1
 43 :	t022	=	call printStr, 1
 44 :	t023	=	err
 45 :	param	t023
 46 :	t024	=	call readInt, 1
 47 :	n	=	t024
 48 :	t025	=	t024
 49 :	param	_2
 50 :	t026	=	call printStr, 1
 51 :	t027	=	err
 52 :	param	t027
 53 :	t028	=	call readInt, 1
 54 :	r	=	t028
 55 :	t029	=	t028
 56 :	param	n
 57 :	param	r
 58 :	t030	=	call binCoeff, 2
 59 :	ans	=	t030
 60 :	t031	=	t030
 61 :	param	_3
 62 :	t032	=	call printStr, 1
 63 :	param	ans
 64 :	t033	=	call printInt, 1
 65 :	param	_4
 66 :	t034	=	call printStr, 1
 67 :	t035	=	0
 68 :	return	t035
=====================================================================================


Symbol table Maintained For the Given Program

+++++++++++++++++++++++++++++++++++++++++++++++++++++++++++++++++++++++++++++++++++++

Symbol Table : Global

-------------------------------------------------------------------------------------
Offset = 0
Start Quad Index = 0
End Quad Index =  0

-------------------------------------------------------------------------------------
Name	Value		var_type	Size	Offset	Type
-------------------------------------------------------------------------------------
printInt	null		func			0	-1	ptr-to-St( Global )Int
readInt	null		func			0	-1	ptr-to-St( Global )Int
printStr	null		func			0	-1	ptr-to-St( Global )Int
binCoeff	null		func			0	-1	ptr-to-St( binCoeff )Int
main	null		func			0	-1	ptr-to-St( main )Int

+++++++++++++++++++++++++++++++++++++++++++++++++++++++++++++++++++++++++++++++++++++
=====================================================================================

+++++++++++++++++++++++++++++++++++++++++++++++++++++++++++++++++++++++++++++++++++++

Symbol Table : binCoeff

-------------------------------------------------------------------------------------
Offset = -100
Start Quad Index = 0
End Quad Index =  37

-------------------------------------------------------------------------------------
Name	Value		var_type	Size	Offset	Type
-------------------------------------------------------------------------------------
retVal	null		return			4	0	Int
n	null		param			4	-8	Int
r	null		param			4	-4	Int
i	null		local			4	-12	Int
j	null		local			4	-16	Int
ans	null		local			4	-20	Int
t000	1		temp			4	-24	Int
t001	null		temp			4	-28	Int
t002	1		temp			4	-32	Int
t003	null		temp			4	-36	Int
t004	null		temp			4	-40	Int
t005	1		temp			4	-44	Int
t006	null		temp			4	-48	Int
t007	1		temp			4	-52	Int
t008	null		temp			4	-56	Int
t009	null		temp			4	-60	Int
t010	null		temp			4	-64	Int
t011	null		temp			4	-68	Int
t012	null		temp			4	-72	Int
t013	null		temp			4	-76	Int
t014	1		temp			4	-80	Int
t015	1		temp			4	-84	Int
t016	null		temp			4	-88	Int
t017	null		temp			4	-92	Int
t018	null		temp			4	-96	Int
t019	null		temp			4	-100	Int

+++++++++++++++++++++++++++++++++++++++++++++++++++++++++++++++++++++++++++++++++++++

+++++++++++++++++++++++++++++++++++++++++++++++++++++++++++++++++++++++++++++++++++++

Symbol Table : main

-------------------------------------------------------------------------------------
Offset = -88
Start Quad Index = 38
End Quad Index =  68

-------------------------------------------------------------------------------------
Name	Value		var_type	Size	Offset	Type
-------------------------------------------------------------------------------------
retVal	null		return			4	0	Int
n	null		local			4	-4	Int
r	null		local			4	-8	Int
ans	null		local			4	-12	Int
err	0		local			4	-16	Int
t020	0		temp			4	-20	Int
t021	null		temp			4	-24	Int
t022	null		temp			4	-28	Int
t023	null		temp			8	-36	ptr(Int)
t024	null		temp			4	-40	Int
t025	null		temp			4	-44	Int
t026	null		temp			4	-48	Int
t027	null		temp			8	-56	ptr(Int)
t028	null		temp			4	-60	Int
t029	null		temp			4	-64	Int
t030	null		temp			4	-68	Int
t031	null		temp			4	-72	Int
t032	null		temp			4	-76	Int
t033	null		temp			4	-80	Int
t034	null		temp			4	-84	Int
t035	0		temp			4	-88	Int

+++++++++++++++++++++++++++++++++++++++++++++++++++++++++++++++++++++++++++++++++++++
