=====================================================================================


Generated Quads for the program

  0 :	t000	=	96
  1 :	global_1	=	t000
  2 :	t001	=	23
  3 :	global_2	=	t001
  4 :	param	_0
  5 :	t002	=	call printStr, 1
  6 :	t003	=	2
  7 :	t004	=	global_2 * t003
  8 :	test	=	t004
  9 :	t005	=	t004
 10 :	t006	=	test
 11 :	test	=	test + 1
 12 :	t007	=	test + global_1
 13 :	test	=	t007
 14 :	t008	=	t007
 15 :	param	_1
 16 :	t009	=	call printStr, 1
 17 :	param	test
 18 :	t010	=	call printInt, 1
 19 :	param	_2
 20 :	t011	=	call printStr, 1
=====================================================================================


Symbol table Maintained For the Given Program

+++++++++++++++++++++++++++++++++++++++++++++++++++++++++++++++++++++++++++++++++++++

Symbol Table : Global

-------------------------------------------------------------------------------------
Offset = 16
Start Quad Index = 0
End Quad Index =  0

-------------------------------------------------------------------------------------
Name	Value		var_type	Size	Offset	Type
-------------------------------------------------------------------------------------
printInt	null		func			0	-1	ptr-to-St( Global )Int
readInt	null		func			0	-1	ptr-to-St( Global )Int
printStr	null		func			0	-1	ptr-to-St( Global )Int
global_1	96		local			4	0	Int
t000	96		temp			4	4	Int
global_2	23		local			4	8	Int
t001	23		temp			4	12	Int
main	null		func			0	-1	ptr-to-St( main )Int

+++++++++++++++++++++++++++++++++++++++++++++++++++++++++++++++++++++++++++++++++++++
=====================================================================================

+++++++++++++++++++++++++++++++++++++++++++++++++++++++++++++++++++++++++++++++++++++

Symbol Table : main

-------------------------------------------------------------------------------------
Offset = -44
Start Quad Index = 4
End Quad Index =  20

-------------------------------------------------------------------------------------
Name	Value		var_type	Size	Offset	Type
-------------------------------------------------------------------------------------
retVal	null		return			4	0	Int
t002	null		temp			4	-4	Int
test	null		local			4	-8	Int
t003	2		temp			4	-12	Int
t004	null		temp			4	-16	Int
t005	null		temp			4	-20	Int
t006	null		temp			4	-24	Int
t007	null		temp			4	-28	Int
t008	null		temp			4	-32	Int
t009	null		temp			4	-36	Int
t010	null		temp			4	-40	Int
t011	null		temp			4	-44	Int

+++++++++++++++++++++++++++++++++++++++++++++++++++++++++++++++++++++++++++++++++++++
