=====================================================================================


Generated Quads for the program

  0 :	t000	=	0
  1 :	max	=	t000
  2 :	t001	=	t000
  3 :	t002	=	0
  4 :	i	=	t002
  5 :	t003	=	t002
  6 :	if  i <n	goto 14
  7 :	goto 29
  8 :	goto 29
  9 :	t004	=	1
 10 :	t005	=	i + t004
 11 :	i	=	t005
 12 :	t006	=	t005
 13 :	goto 6
 14 :	t007	=	0
 15 :	t009	=	i * 4
 16 :	t008	=	t007 + t009
 17 :	t010	=	arr
 18 :	if  t010 >max	goto 21
 19 :	goto 9
 20 :	goto 28
 21 :	t011	=	0
 22 :	t013	=	i * 4
 23 :	t012	=	t011 + t013
 24 :	t014	=	arr
 25 :	max	=	t014
 26 :	t015	=	t014
 27 :	goto 9
 28 :	goto 9
 29 :	t016	=	0
 30 :	j	=	t016
 31 :	t017	=	t016
 32 :	if  j <n	goto 40
 33 :	goto 55
 34 :	goto 55
 35 :	t018	=	1
 36 :	t019	=	j + t018
 37 :	j	=	t019
 38 :	t020	=	t019
 39 :	goto 32
 40 :	t021	=	0
 41 :	t023	=	j * 4
 42 :	t022	=	t021 + t023
 43 :	t024	=	arr
 44 :	if  t024 ==max	goto 47
 45 :	goto 35
 46 :	goto 54
 47 :	t025	=	0
 48 :	t027	=	j * 4
 49 :	t026	=	t025 + t027
 50 :	t028	=	0
 51 :	arr	=	t026
 52 :	t029	=	t028
 53 :	goto 35
 54 :	goto 35
 55 :	t030	=	0
 56 :	ans	=	t030
 57 :	t031	=	t030
 58 :	t032	=	0
 59 :	k	=	t032
 60 :	t033	=	t032
 61 :	if  k <n	goto 69
 62 :	goto 84
 63 :	goto 84
 64 :	t034	=	1
 65 :	t035	=	k + t034
 66 :	k	=	t035
 67 :	t036	=	t035
 68 :	goto 61
 69 :	t037	=	0
 70 :	t039	=	k * 4
 71 :	t038	=	t037 + t039
 72 :	t040	=	arr
 73 :	if  t040 >ans	goto 76
 74 :	goto 64
 75 :	goto 83
 76 :	t041	=	0
 77 :	t043	=	k * 4
 78 :	t042	=	t041 + t043
 79 :	t044	=	arr
 80 :	ans	=	t044
 81 :	t045	=	t044
 82 :	goto 64
 83 :	goto 64
 84 :	return	ans
 85 :	param	_0
 86 :	t046	=	call printStr, 1
 87 :	t047	=	100
 88 :	t048	=	1
 89 :	err	=	t048
 90 :	t049	=	t048
 91 :	param	_1
 92 :	t050	=	call printStr, 1
 93 :	t051	=	err
 94 :	param	t051
 95 :	t052	=	call readInt, 1
 96 :	n	=	t052
 97 :	t053	=	t052
 98 :	param	_2
 99 :	t054	=	call printStr, 1
100 :	t055	=	0
101 :	i	=	t055
102 :	t056	=	t055
103 :	if  i <n	goto 111
104 :	goto 120
105 :	goto 120
106 :	t057	=	1
107 :	t058	=	i + t057
108 :	i	=	t058
109 :	t059	=	t058
110 :	goto 103
111 :	t060	=	0
112 :	t062	=	i * 4
113 :	t061	=	t060 + t062
114 :	t063	=	err
115 :	param	t063
116 :	t064	=	call readInt, 1
117 :	arr	=	t061
118 :	t065	=	t064
119 :	goto 106
120 :	t066	=	0
121 :	param	arr
122 :	param	n
123 :	t067	=	call SecondMaxSearch, 2
124 :	ans	=	t067
125 :	t068	=	t067
126 :	param	_3
127 :	t069	=	call printStr, 1
128 :	param	ans
129 :	t070	=	call printInt, 1
130 :	param	_4
131 :	t071	=	call printStr, 1
132 :	t072	=	0
133 :	return	t072
=====================================================================================


Symbol table Maintained For the Given Program

+++++++++++++++++++++++++++++++++++++++++++++++++++++++++++++++++++++++++++++++++++++

Symbol Table : Global

-------------------------------------------------------------------------------------
Offset = 0
Start Quad Index = 0
End Quad Index =  0

-------------------------------------------------------------------------------------
Name	Value		var_type	Size	Offset	Type
-------------------------------------------------------------------------------------
printInt	null		func			0	-1	ptr-to-St( Global )Int
readInt	null		func			0	-1	ptr-to-St( Global )Int
printStr	null		func			0	-1	ptr-to-St( Global )Int
SecondMaxSearch	null		func			0	-1	ptr-to-St( SecondMaxSearch )Int
main	null		func			0	-1	ptr-to-St( main )Int

+++++++++++++++++++++++++++++++++++++++++++++++++++++++++++++++++++++++++++++++++++++
=====================================================================================

+++++++++++++++++++++++++++++++++++++++++++++++++++++++++++++++++++++++++++++++++++++

Symbol Table : SecondMaxSearch

-------------------------------------------------------------------------------------
Offset = -216
Start Quad Index = 0
End Quad Index =  84

-------------------------------------------------------------------------------------
Name	Value		var_type	Size	Offset	Type
-------------------------------------------------------------------------------------
retVal	null		return			4	0	Int
arr	null		param			8	-12	Array(-1,Int)
n	null		param			4	-4	Int
i	null		local			4	-16	Int
j	null		local			4	-20	Int
k	null		local			4	-24	Int
ans	null		local			4	-28	Int
max	null		local			4	-32	Int
t000	0		temp			4	-36	Int
t001	null		temp			4	-40	Int
t002	0		temp			4	-44	Int
t003	null		temp			4	-48	Int
t004	1		temp			4	-52	Int
t005	null		temp			4	-56	Int
t006	null		temp			4	-60	Int
t007	0		temp			4	-64	Int
t008	null		temp			4	-68	Int
t009	null		temp			4	-72	Int
t010	null		temp			4	-76	Int
t011	0		temp			4	-80	Int
t012	null		temp			4	-84	Int
t013	null		temp			4	-88	Int
t014	null		temp			4	-92	Int
t015	null		temp			4	-96	Int
t016	0		temp			4	-100	Int
t017	null		temp			4	-104	Int
t018	1		temp			4	-108	Int
t019	null		temp			4	-112	Int
t020	null		temp			4	-116	Int
t021	0		temp			4	-120	Int
t022	null		temp			4	-124	Int
t023	null		temp			4	-128	Int
t024	null		temp			4	-132	Int
t025	0		temp			4	-136	Int
t026	null		temp			4	-140	Int
t027	null		temp			4	-144	Int
t028	0		temp			4	-148	Int
t029	null		temp			4	-152	Int
t030	0		temp			4	-156	Int
t031	null		temp			4	-160	Int
t032	0		temp			4	-164	Int
t033	null		temp			4	-168	Int
t034	1		temp			4	-172	Int
t035	null		temp			4	-176	Int
t036	null		temp			4	-180	Int
t037	0		temp			4	-184	Int
t038	null		temp			4	-188	Int
t039	null		temp			4	-192	Int
t040	null		temp			4	-196	Int
t041	0		temp			4	-200	Int
t042	null		temp			4	-204	Int
t043	null		temp			4	-208	Int
t044	null		temp			4	-212	Int
t045	null		temp			4	-216	Int

+++++++++++++++++++++++++++++++++++++++++++++++++++++++++++++++++++++++++++++++++++++

+++++++++++++++++++++++++++++++++++++++++++++++++++++++++++++++++++++++++++++++++++++

Symbol Table : main

-------------------------------------------------------------------------------------
Offset = -528
Start Quad Index = 85
End Quad Index =  133

-------------------------------------------------------------------------------------
Name	Value		var_type	Size	Offset	Type
-------------------------------------------------------------------------------------
retVal	null		return			4	0	Int
t046	null		temp			4	-4	Int
arr	null		local			400	-404	Array(100,Int)
t047	100		temp			4	-408	Int
n	null		local			4	-412	Int
err	null		local			4	-416	Int
ans	null		local			4	-420	Int
t048	1		temp			4	-424	Int
t049	null		temp			4	-428	Int
t050	null		temp			4	-432	Int
t051	null		temp			8	-440	ptr(Int)
t052	null		temp			4	-444	Int
t053	null		temp			4	-448	Int
t054	null		temp			4	-452	Int
i	null					0	-452	
t055	0		temp			4	-456	Int
t056	null		temp			4	-460	Int
t057	1		temp			4	-464	Int
t058	null		temp			4	-468	Int
t059	null		temp			4	-472	Int
t060	0		temp			4	-476	Int
t061	null		temp			4	-480	Int
t062	null		temp			4	-484	Int
t063	null		temp			8	-492	ptr(Int)
t064	null		temp			4	-496	Int
t065	null		temp			4	-500	Int
t066	0		temp			4	-504	Int
t067	null		temp			4	-508	Int
t068	null		temp			4	-512	Int
t069	null		temp			4	-516	Int
t070	null		temp			4	-520	Int
t071	null		temp			4	-524	Int
t072	0		temp			4	-528	Int

+++++++++++++++++++++++++++++++++++++++++++++++++++++++++++++++++++++++++++++++++++++
